app/build/outputs/logs/manifest-merger-release-report.txt
-- Merging decision tree log ---
manifest
ADDED from AndroidManifest.xml:2:1
	xmlns:android
		ADDED from AndroidManifest.xml:2:11
	package
		ADDED from AndroidManifest.xml:3:5
		INJECTED from AndroidManifest.xml:0:0
		INJECTED from AndroidManifest.xml:0:0
	android:versionName
		ADDED from AndroidManifest.xml:5:5
	android:versionCode
		ADDED from AndroidManifest.xml:4:5
		INJECTED from AndroidManifest.xml:0:0
		INJECTED from AndroidManifest.xml:0:0
uses-sdk
ADDED from AndroidManifest.xml:7:5
	android:targetSdkVersion
		ADDED from AndroidManifest.xml:9:9
		INJECTED from AndroidManifest.xml:0:0
		INJECTED from AndroidManifest.xml:0:0
	android:minSdkVersion
		ADDED from AndroidManifest.xml:8:9
		INJECTED from AndroidManifest.xml:0:0
		INJECTED from AndroidManifest.xml:0:0
uses-permission#android.permission.READ_SMS
ADDED from AndroidManifest.xml:11:5
	android:name
		ADDED from AndroidManifest.xml:11:22
uses-permission#android.permission.RECEIVE_SMS
ADDED from AndroidManifest.xml:12:5
	android:name
		ADDED from AndroidManifest.xml:12:22
application
ADDED from AndroidManifest.xml:14:5
	android:label
		ADDED from AndroidManifest.xml:18:9
	android:allowBackup
		ADDED from AndroidManifest.xml:15:9
	android:icon
		ADDED from AndroidManifest.xml:17:9
	android:theme
		ADDED from AndroidManifest.xml:19:9
	android:hardwareAccelerated
		ADDED from AndroidManifest.xml:16:9
receiver#com.main.expensetracker.listeners.SmsListener
ADDED from AndroidManifest.xml:20:9
	android:name
		ADDED from AndroidManifest.xml:20:19
intent-filter#android.provider.Telephony.SMS_RECEIVED
ADDED from AndroidManifest.xml:21:13
action#android.provider.Telephony.SMS_RECEIVED
ADDED from AndroidManifest.xml:22:17
	android:name
		ADDED from AndroidManifest.xml:22:25
activity#com.main.expensetracker.activities.LandingPageActivity
ADDED from AndroidManifest.xml:25:9
	android:screenOrientation
		ADDED from AndroidManifest.xml:28:13
	android:label
		ADDED from AndroidManifest.xml:27:13
	android:name
		ADDED from AndroidManifest.xml:26:13
intent-filter#android.intent.action.MAIN+android.intent.category.LAUNCHER
ADDED from AndroidManifest.xml:29:13
action#android.intent.action.MAIN
ADDED from AndroidManifest.xml:30:17
	android:name
		ADDED from AndroidManifest.xml:30:25
category#android.intent.category.LAUNCHER
ADDED from AndroidManifest.xml:32:17
	android:name
		ADDED from AndroidManifest.xml:32:27
activity#com.main.expensetracker.activities.MonthlyExpenseActivity
ADDED from AndroidManifest.xml:35:9
	android:screenOrientation
		ADDED from AndroidManifest.xml:39:13
	android:label
		ADDED from AndroidManifest.xml:37:13
	android:parentActivityName
		ADDED from AndroidManifest.xml:38:13
	android:name
		ADDED from AndroidManifest.xml:36:13
meta-data#android.support.PARENT_ACTIVITY
ADDED from AndroidManifest.xml:40:13
	android:name
		ADDED from AndroidManifest.xml:41:17
	android:value
		ADDED from AndroidManifest.xml:42:17
activity#com.main.expensetracker.activities.MonthlyExpenseDetailActivity
ADDED from AndroidManifest.xml:44:9
	android:screenOrientation
		ADDED from AndroidManifest.xml:48:13
	android:label
		ADDED from AndroidManifest.xml:46:13
	android:parentActivityName
		ADDED from AndroidManifest.xml:47:13
	android:name
		ADDED from AndroidManifest.xml:45:13
activity#com.main.expensetracker.activities.AddNewExpenseActivity
ADDED from AndroidManifest.xml:53:9
	android:screenOrientation
		ADDED from AndroidManifest.xml:57:13
	android:label
		ADDED from AndroidManifest.xml:55:13
	android:parentActivityName
		ADDED from AndroidManifest.xml:56:13
	android:name
		ADDED from AndroidManifest.xml:54:13
activity#com.main.expensetracker.activities.WeeklyExpenseActivity
ADDED from AndroidManifest.xml:62:9
	android:screenOrientation
		ADDED from AndroidManifest.xml:66:13
	android:label
		ADDED from AndroidManifest.xml:64:13
	android:parentActivityName
		ADDED from AndroidManifest.xml:65:13
	android:name
		ADDED from AndroidManifest.xml:63:13
activity#com.main.expensetracker.activities.WeeklyExpenseDetailActivity
ADDED from AndroidManifest.xml:71:9
	android:screenOrientation
		ADDED from AndroidManifest.xml:75:13
	android:label
		ADDED from AndroidManifest.xml:73:13
	android:parentActivityName
		ADDED from AndroidManifest.xml:74:13
	android:name
		ADDED from AndroidManifest.xml:72:13
activity#com.main.expensetracker.activities.FixedExpensesDetailActivity
ADDED from AndroidManifest.xml:80:9
	android:screenOrientation
		ADDED from AndroidManifest.xml:84:13
	android:label
		ADDED from AndroidManifest.xml:82:13
	android:parentActivityName
		ADDED from AndroidManifest.xml:83:13
	android:name
		ADDED from AndroidManifest.xml:81:13
activity#com.main.expensetracker.activities.EditExpenseRecordActivity
ADDED from AndroidManifest.xml:89:9
	android:label
		ADDED from AndroidManifest.xml:91:13
	android:theme
		ADDED from AndroidManifest.xml:93:13
	android:parentActivityName
		ADDED from AndroidManifest.xml:92:13
	android:name
		ADDED from AndroidManifest.xml:90:13
activity#com.main.expensetracker.activities.ProgressBarActivity
ADDED from AndroidManifest.xml:98:9
	android:label
		ADDED from AndroidManifest.xml:100:13
	android:theme
		ADDED from AndroidManifest.xml:102:13
	android:parentActivityName
		ADDED from AndroidManifest.xml:101:13
	android:name
		ADDED from AndroidManifest.xml:99:13
activity#com.main.expensetracker.activities.NavigationDrawerActivity
ADDED from AndroidManifest.xml:107:9
	android:label
		ADDED from AndroidManifest.xml:109:13
	android:name
		ADDED from AndroidManifest.xml:108:13
activity#com.main.expensetracker.activities.UnderContructionActivity
ADDED from AndroidManifest.xml:111:9
	android:label
		ADDED from AndroidManifest.xml:113:13
	android:name
		ADDED from AndroidManifest.xml:112:13